<?xml version="1.0" encoding="UTF-8"?>
<!-- Generated by org.testng.reporters.JUnitXMLReporter -->
<testsuite hostname="InnovationM-117" ignored="0" name="Banking app Test" tests="2" failures="0" timestamp="2020-10-14T15:27:55 IST" time="55.388" errors="0">
  <testcase name="logintest" time="5.362" classname="com.inetBanking.testCases.TC_LoginTest_001"/>
  <testcase name="addNewCustomer" time="15.634" classname="com.inetBanking.testCases.TC_AddCustomerTest_002"/>
</testsuite> <!-- Banking app Test -->
