<?xml version="1.0" encoding="UTF-8"?>
<!-- Generated by org.testng.reporters.JUnitXMLReporter -->
<testsuite hostname="InnovationM-117" ignored="0" name="Banking app Test" tests="2" failures="0" timestamp="2020-10-16T13:56:38 IST" time="66.904" errors="0">
  <testcase name="logintest" time="3.339" classname="com.inetBanking.testCases.TC_LoginTest_001"/>
  <testcase name="addNewCustomer" time="28.18" classname="com.inetBanking.testCases.TC_AddCustomerTest_002"/>
</testsuite> <!-- Banking app Test -->
