<?xml version="1.0" encoding="UTF-8"?>
<!-- Generated by org.testng.reporters.JUnitXMLReporter -->
<testsuite hostname="InnovationM-117" ignored="0" name="Banking app Test" tests="2" failures="0" timestamp="2020-10-14T16:41:32 IST" time="59.911" errors="0">
  <testcase name="logintest" time="5.512" classname="com.inetBanking.testCases.TC_LoginTest_001"/>
  <testcase name="addNewCustomer" time="24.311" classname="com.inetBanking.testCases.TC_AddCustomerTest_002"/>
</testsuite> <!-- Banking app Test -->
