<?xml version="1.0" encoding="UTF-8"?>
<testng-results skipped="0" failed="0" ignored="0" total="2" passed="2">
  <reporter-output>
  </reporter-output>
  <suite name="InetBankingV1" duration-ms="66904" started-at="2020-10-16T13:55:31 IST" finished-at="2020-10-16T13:56:38 IST">
    <groups>
    </groups>
    <test name="Banking app Test" duration-ms="66904" started-at="2020-10-16T13:55:31 IST" finished-at="2020-10-16T13:56:38 IST">
      <class name="com.inetBanking.testCases.TC_LoginTest_001">
        <test-method status="PASS" signature="setup(java.lang.String)[pri:0, instance:com.inetBanking.testCases.TC_LoginTest_001@4b4523f8]" name="setup" is-config="true" duration-ms="20387" started-at="2020-10-16T13:55:31 IST" finished-at="2020-10-16T13:55:52 IST">
          <params>
            <param index="0">
              <value>
                <![CDATA[chrome]]>
              </value>
            </param>
          </params>
          <reporter-output>
          </reporter-output>
        </test-method> <!-- setup -->
        <test-method status="PASS" signature="logintest()[pri:0, instance:com.inetBanking.testCases.TC_LoginTest_001@4b4523f8]" name="logintest" duration-ms="3339" started-at="2020-10-16T13:55:52 IST" finished-at="2020-10-16T13:55:55 IST">
          <reporter-output>
          </reporter-output>
        </test-method> <!-- logintest -->
        <test-method status="PASS" signature="teardown()[pri:0, instance:com.inetBanking.testCases.TC_LoginTest_001@4b4523f8]" name="teardown" is-config="true" duration-ms="1307" started-at="2020-10-16T13:55:55 IST" finished-at="2020-10-16T13:55:56 IST">
          <reporter-output>
          </reporter-output>
        </test-method> <!-- teardown -->
      </class> <!-- com.inetBanking.testCases.TC_LoginTest_001 -->
      <class name="com.inetBanking.testCases.TC_AddCustomerTest_002">
        <test-method status="PASS" signature="setup(java.lang.String)[pri:0, instance:com.inetBanking.testCases.TC_AddCustomerTest_002@731a74c]" name="setup" is-config="true" duration-ms="12325" started-at="2020-10-16T13:55:56 IST" finished-at="2020-10-16T13:56:09 IST">
          <params>
            <param index="0">
              <value>
                <![CDATA[chrome]]>
              </value>
            </param>
          </params>
          <reporter-output>
          </reporter-output>
        </test-method> <!-- setup -->
        <test-method status="PASS" signature="addNewCustomer()[pri:0, instance:com.inetBanking.testCases.TC_AddCustomerTest_002@731a74c]" name="addNewCustomer" duration-ms="28180" started-at="2020-10-16T13:56:09 IST" finished-at="2020-10-16T13:56:37 IST">
          <reporter-output>
          </reporter-output>
        </test-method> <!-- addNewCustomer -->
        <test-method status="PASS" signature="teardown()[pri:0, instance:com.inetBanking.testCases.TC_AddCustomerTest_002@731a74c]" name="teardown" is-config="true" duration-ms="1307" started-at="2020-10-16T13:56:37 IST" finished-at="2020-10-16T13:56:38 IST">
          <reporter-output>
          </reporter-output>
        </test-method> <!-- teardown -->
      </class> <!-- com.inetBanking.testCases.TC_AddCustomerTest_002 -->
    </test> <!-- Banking app Test -->
  </suite> <!-- InetBankingV1 -->
</testng-results>
