<?xml version="1.0" encoding="UTF-8"?>
<testng-results skipped="0" failed="0" ignored="0" total="1" passed="1">
  <reporter-output>
  </reporter-output>
  <suite name="InetBankingV1" duration-ms="32973" started-at="2020-10-16T18:52:02 IST" finished-at="2020-10-16T18:52:35 IST">
    <groups>
    </groups>
    <test name="Banking app Test" duration-ms="32973" started-at="2020-10-16T18:52:02 IST" finished-at="2020-10-16T18:52:35 IST">
      <class name="com.inetBanking.testCases.TC_AddCustomerTest_002">
        <test-method status="PASS" signature="setup(java.lang.String)[pri:0, instance:com.inetBanking.testCases.TC_AddCustomerTest_002@76f2b07d]" name="setup" is-config="true" duration-ms="15895" started-at="2020-10-16T18:52:02 IST" finished-at="2020-10-16T18:52:18 IST">
          <params>
            <param index="0">
              <value>
                <![CDATA[chrome]]>
              </value>
            </param>
          </params>
          <reporter-output>
          </reporter-output>
        </test-method> <!-- setup -->
        <test-method status="PASS" signature="addNewCustomer()[pri:0, instance:com.inetBanking.testCases.TC_AddCustomerTest_002@76f2b07d]" name="addNewCustomer" duration-ms="15030" started-at="2020-10-16T18:52:18 IST" finished-at="2020-10-16T18:52:33 IST">
          <reporter-output>
          </reporter-output>
        </test-method> <!-- addNewCustomer -->
        <test-method status="PASS" signature="teardown()[pri:0, instance:com.inetBanking.testCases.TC_AddCustomerTest_002@76f2b07d]" name="teardown" is-config="true" duration-ms="1992" started-at="2020-10-16T18:52:33 IST" finished-at="2020-10-16T18:52:35 IST">
          <reporter-output>
          </reporter-output>
        </test-method> <!-- teardown -->
      </class> <!-- com.inetBanking.testCases.TC_AddCustomerTest_002 -->
    </test> <!-- Banking app Test -->
  </suite> <!-- InetBankingV1 -->
</testng-results>
